<?xml version="1.0" encoding="UTF-8" ?>
<testsuite tests="1" failures="0" name="org.morgan.test.MavenSparkApp.AppTest" time="0" errors="0" skipped="0">
  <properties>
    <property name="java.runtime.name" value="Java(TM) SE Runtime Environment"/>
    <property name="sun.boot.library.path" value="E:\Program Files\Java\jdk1.8.0_45\jre\bin"/>
    <property name="java.vm.version" value="25.45-b02"/>
    <property name="java.vm.vendor" value="Oracle Corporation"/>
    <property name="maven.multiModuleProjectDirectory" value="E:\Users\mcommons\workspace\MavenSparkApp"/>
    <property name="java.vendor.url" value="http://java.oracle.com/"/>
    <property name="path.separator" value=";"/>
    <property name="guice.disable.misplaced.annotation.check" value="true"/>
    <property name="java.vm.name" value="Java HotSpot(TM) 64-Bit Server VM"/>
    <property name="file.encoding.pkg" value="sun.io"/>
    <property name="user.script" value=""/>
    <property name="user.country" value="GB"/>
    <property name="sun.java.launcher" value="SUN_STANDARD"/>
    <property name="sun.os.patch.level" value=""/>
    <property name="java.vm.specification.name" value="Java Virtual Machine Specification"/>
    <property name="user.dir" value="E:\Users\mcommons\workspace\MavenSparkApp"/>
    <property name="java.runtime.version" value="1.8.0_45-b15"/>
    <property name="java.awt.graphicsenv" value="sun.awt.Win32GraphicsEnvironment"/>
    <property name="java.endorsed.dirs" value="E:\Program Files\Java\jdk1.8.0_45\jre\lib\endorsed"/>
    <property name="os.arch" value="amd64"/>
    <property name="java.io.tmpdir" value="E:\Users\mcommons\AppData\Local\Temp\"/>
    <property name="line.separator" value="
"/>
    <property name="java.vm.specification.vendor" value="Oracle Corporation"/>
    <property name="user.variant" value=""/>
    <property name="os.name" value="Windows 8.1"/>
    <property name="classworlds.conf" value="E:\Users\mcommons\workspace\.metadata\.plugins\org.eclipse.m2e.launching\launches\m2conf3728504464276975499.tmp"/>
    <property name="sun.jnu.encoding" value="Cp1252"/>
    <property name="java.library.path" value="E:\Program Files\Java\jdk1.8.0_45\bin;E:\Windows\Sun\Java\bin;E:\Windows\system32;E:\Windows;E:\ProgramData\Oracle\Java\javapath;E:\Windows\system32;E:\Windows;E:\Windows\System32\Wbem;E:\Windows\System32\WindowsPowerShell\v1.0\;E:\Windows\CCM;E:\Windows\CCM;E:\Program Files (x86)\Common Files\Check Point\UIFramework 3.0\Bin\;E:\Program Files (x86)\CheckPoint\Endpoint Security\Endpoint Common\bin;E:\Program Files\Java\jdk1.8.0_45\bin;E:\Program Files (x86)\Skype\Phone\;E:\Program Files (x86)\Windows Kits\8.1\Windows Performance Toolkit\;E:\Program Files\Microsoft SQL Server\110\Tools\Binn\;E:\Program Files (x86)\Microsoft SDKs\TypeScript\1.0\;E:\Program Files\Microsoft SQL Server\120\Tools\Binn\;E:\Users\mcommons\Documents\apache-maven-3.3.3\bin;."/>
    <property name="java.specification.name" value="Java Platform API Specification"/>
    <property name="java.class.version" value="52.0"/>
    <property name="sun.management.compiler" value="HotSpot 64-Bit Tiered Compilers"/>
    <property name="os.version" value="6.3"/>
    <property name="user.home" value="E:\Users\mcommons"/>
    <property name="user.timezone" value="Europe/London"/>
    <property name="java.awt.printerjob" value="sun.awt.windows.WPrinterJob"/>
    <property name="java.specification.version" value="1.8"/>
    <property name="file.encoding" value="Cp1252"/>
    <property name="user.name" value="mcommons"/>
    <property name="java.class.path" value="/E:/Users/mcommons/Desktop/Aspect 2015/eclipse/plugins/org.eclipse.m2e.maven.runtime_1.6.0.20150526-2031/jars/plexus-classworlds-2.5.2.jar"/>
    <property name="java.vm.specification.version" value="1.8"/>
    <property name="sun.arch.data.model" value="64"/>
    <property name="java.home" value="E:\Program Files\Java\jdk1.8.0_45\jre"/>
    <property name="sun.java.command" value="org.codehaus.plexus.classworlds.launcher.Launcher -B package"/>
    <property name="java.specification.vendor" value="Oracle Corporation"/>
    <property name="user.language" value="en"/>
    <property name="awt.toolkit" value="sun.awt.windows.WToolkit"/>
    <property name="java.vm.info" value="mixed mode"/>
    <property name="java.version" value="1.8.0_45"/>
    <property name="java.ext.dirs" value="E:\Program Files\Java\jdk1.8.0_45\jre\lib\ext;E:\Windows\Sun\Java\lib\ext"/>
    <property name="sun.boot.class.path" value="E:\Program Files\Java\jdk1.8.0_45\jre\lib\resources.jar;E:\Program Files\Java\jdk1.8.0_45\jre\lib\rt.jar;E:\Program Files\Java\jdk1.8.0_45\jre\lib\sunrsasign.jar;E:\Program Files\Java\jdk1.8.0_45\jre\lib\jsse.jar;E:\Program Files\Java\jdk1.8.0_45\jre\lib\jce.jar;E:\Program Files\Java\jdk1.8.0_45\jre\lib\charsets.jar;E:\Program Files\Java\jdk1.8.0_45\jre\lib\jfr.jar;E:\Program Files\Java\jdk1.8.0_45\jre\classes"/>
    <property name="java.vendor" value="Oracle Corporation"/>
    <property name="maven.home" value="E:\Users\mcommons\workspace\MavenSparkApp\EMBEDDED"/>
    <property name="file.separator" value="\"/>
    <property name="java.vendor.url.bug" value="http://bugreport.sun.com/bugreport/"/>
    <property name="sun.cpu.endian" value="little"/>
    <property name="sun.io.unicode.encoding" value="UnicodeLittle"/>
    <property name="sun.desktop" value="windows"/>
    <property name="sun.cpu.isalist" value="amd64"/>
  </properties>
  <testcase classname="org.morgan.test.MavenSparkApp.AppTest" name="testApp" time="0"/>
</testsuite>